-- esperamos el menu
-- pedimos el tamaño
z
-- espero encontrar un cero
==11178== Memcheck, a memory error detector
==11178== Copyright (C) 2002-2011, and GNU GPL'd, by Julian Seward et al.
==11178== Using Valgrind-3.7.0 and LibVEX; rerun with -h for copyright info
==11178== Command: ./dictionary
==11178== 
-- agregamos: independiente
a
independiente
el rojo
-- agregamos: boca
a
boca
el xeneize
-- agregamos: san lorenzo
a
san lorenzo
el ciclón
-- agregamos: velez
a
velez
el fortín
-- agregamos: racing
a
racing
la academia
-- agregamos: river
a
river
el millonario
-- agregamos: lanus
a
lanus
el granate
-- pedimos el tamaño
z
-- espero encontrar 7

Elija lo que quiera hacer. Las opciones son:

*****************************************************************
*	z: Mostrar el tamaño del diccionario en uso.    	*
*	s: Buscar una definicion para una palabra dada. 	*
*	a: Agregar una palabra con su definicion.       	*
*	d: Borrar una palabra.                          	*
*	e: Vaciar el diccionario.                       	*
*	h: Mostrar el diccionario actual.               	*
*	c: Duplicar el diccionario actual.              	*
*	l: Cargar un nuevo diccionario desde un archivo.	*
*	u: Guardar el diccionario actual en un archivo. 	*
*	q: Finalizar                                    	*
*****************************************************************

Introduzca su elección: 	-> El tamaño es: 0.


Elija lo que quiera hacer. Las opciones son:

*****************************************************************
*	z: Mostrar el tamaño del diccionario en uso.    	*
*	s: Buscar una definicion para una palabra dada. 	*
*	a: Agregar una palabra con su definicion.       	*
*	d: Borrar una palabra.                          	*
*	e: Vaciar el diccionario.                       	*
*	h: Mostrar el diccionario actual.               	*
*	c: Duplicar el diccionario actual.              	*
*	l: Cargar un nuevo diccionario desde un archivo.	*
*	u: Guardar el diccionario actual en un archivo. 	*
*	q: Finalizar                                    	*
*****************************************************************

Introduzca su elección: 	Por favor, ingrese la palabra a añadir al diccionario: 	-> Por favor, ingrese la definicion: 	-> La palabra y su definición fueron agregadas


Elija lo que quiera hacer. Las opciones son:

*****************************************************************
*	z: Mostrar el tamaño del diccionario en uso.    	*
*	s: Buscar una definicion para una palabra dada. 	*
*	a: Agregar una palabra con su definicion.       	*
*	d: Borrar una palabra.                          	*
*	e: Vaciar el diccionario.                       	*
*	h: Mostrar el diccionario actual.               	*
*	c: Duplicar el diccionario actual.              	*
*	l: Cargar un nuevo diccionario desde un archivo.	*
*	u: Guardar el diccionario actual en un archivo. 	*
*	q: Finalizar                                    	*
*****************************************************************

Introduzca su elección: 	Por favor, ingrese la palabra a añadir al diccionario: 	-> Por favor, ingrese la definicion: 	-> La palabra y su definición fueron agregadas


Elija lo que quiera hacer. Las opciones son:

*****************************************************************
*	z: Mostrar el tamaño del diccionario en uso.    	*
*	s: Buscar una definicion para una palabra dada. 	*
*	a: Agregar una palabra con su definicion.       	*
*	d: Borrar una palabra.                          	*
*	e: Vaciar el diccionario.                       	*
*	h: Mostrar el diccionario actual.               	*
*	c: Duplicar el diccionario actual.              	*
*	l: Cargar un nuevo diccionario desde un archivo.	*
*	u: Guardar el diccionario actual en un archivo. 	*
*	q: Finalizar                                    	*
*****************************************************************

Introduzca su elección: 	Por favor, ingrese la palabra a añadir al diccionario: 	-> Por favor, ingrese la definicion: 	-> La palabra y su definición fueron agregadas


Elija lo que quiera hacer. Las opciones son:

*****************************************************************
*	z: Mostrar el tamaño del diccionario en uso.    	*
*	s: Buscar una definicion para una palabra dada. 	*
*	a: Agregar una palabra con su definicion.       	*
*	d: Borrar una palabra.                          	*
*	e: Vaciar el diccionario.                       	*
*	h: Mostrar el diccionario actual.               	*
*	c: Duplicar el diccionario actual.              	*
*	l: Cargar un nuevo diccionario desde un archivo.	*
*	u: Guardar el diccionario actual en un archivo. 	*
*	q: Finalizar                                    	*
*****************************************************************

Introduzca su elección: 	Por favor, ingrese la palabra a añadir al diccionario: 	-> Por favor, ingrese la definicion: 	-> La palabra y su definición fueron agregadas


Elija lo que quiera hacer. Las opciones son:

*****************************************************************
*	z: Mostrar el tamaño del diccionario en uso.    	*
*	s: Buscar una definicion para una palabra dada. 	*
*	a: Agregar una palabra con su definicion.       	*
*	d: Borrar una palabra.                          	*
*	e: Vaciar el diccionario.                       	*
*	h: Mostrar el diccionario actual.               	*
*	c: Duplicar el diccionario actual.              	*
*	l: Cargar un nuevo diccionario desde un archivo.	*
*	u: Guardar el diccionario actual en un archivo. 	*
*	q: Finalizar                                    	*
*****************************************************************

Introduzca su elección: 	Por favor, ingrese la palabra a añadir al diccionario: 	-> Por favor, ingrese la definicion: 	-> La palabra y su definición fueron agregadas


Elija lo que quiera hacer. Las opciones son:

*****************************************************************
*	z: Mostrar el tamaño del diccionario en uso.    	*
*	s: Buscar una definicion para una palabra dada. 	*
*	a: Agregar una palabra con su definicion.       	*
*	d: Borrar una palabra.                          	*
*	e: Vaciar el diccionario.                       	*
*	h: Mostrar el diccionario actual.               	*
*	c: Duplicar el diccionario actual.              	*
*	l: Cargar un nuevo diccionario desde un archivo.	*
*	u: Guardar el diccionario actual en un archivo. 	*
*	q: Finalizar                                    	*
*****************************************************************

Introduzca su elección: 	Por favor, ingrese la palabra a añadir al diccionario: 	-> Por favor, ingrese la definicion: 	-> La palabra y su definición fueron agregadas


Elija lo que quiera hacer. Las opciones son:

*****************************************************************
*	z: Mostrar el tamaño del diccionario en uso.    	*
*	s: Buscar una definicion para una palabra dada. 	*
*	a: Agregar una palabra con su definicion.       	*
*	d: Borrar una palabra.                          	*
*	e: Vaciar el diccionario.                       	*
*	h: Mostrar el diccionario actual.               	*
*	c: Duplicar el diccionario actual.              	*
*	l: Cargar un nuevo diccionario desde un archivo.	*
*	u: Guardar el diccionario actual en un archivo. 	*
*	q: Finalizar                                    	*
*****************************************************************

Introduzca su elección: 	Por favor, ingrese la palabra a añadir al diccionario: 	-> Por favor, ingrese la definicion: 	-> La palabra y su definición fueron agregadas


Elija lo que quiera hacer. Las opciones son:

*****************************************************************
*	z: Mostrar el tamaño del diccionario en uso.    	*
*	s: Buscar una definicion para una palabra dada. 	*
*	a: Agregar una palabra con su definicion.       	*
*	d: Borrar una palabra.                          	*
*	e: Vaciar el diccionario.                       	*
*	h: Mostrar el diccionario actual.               	*
*	c: Duplicar el diccionario actual.              	*
*	l: Cargar un nuevo diccionario desde un archivo.	*
*	u: Guardar el diccionario actual en un archivo. 	*
*	q: Finalizar                                    	*
*****************************************************************

Introduzca su elección: 	-> El tamaño es: 7.


Elija lo que quiera hacer. Las opciones son:

*****************************************************************
*	z: Mostrar el tamaño del dicciona-- buscamos algo que no existe: milan
s
milan
-- buscamos river
s
river
rio en uso.    	*
*	s: Buscar una definicion para una palabra dada. 	*
*	a: Agregar una palabra con su definicion.       	*
*	d: Borrar una palabra.                          	*
*	e: Vaciar el diccionario.                       	*
*	h: Mostrar el diccionario actual.               	*
*	c: Duplicar el diccionario actual.              	*
*	l: Cargar un nuevo diccionario desde un archivo.	*
*	u: Guardar el diccionario actual en un archivo. 	*
*	q: Finalizar                                    	*
*****************************************************************

Introduzca su elección: 	Por favor, ingrese la palabra a buscar en el diccionario: 	->La palabra 'milan' no existe en el diccionario


Elija lo que quiera hacer. Las opciones son:

*****************************************************************
*	z: Mostrar el tamaño del diccionario en uso.    	*
*	s: Buscar una definicion para una palabra dada. 	*
*	a: Agregar una palabra con su definicion.       	*
*	d: Borrar una palabra.                          	*
*	e: Vaciar el diccionario.                       	*
*	h: Mostrar el diccionario actual.               	*
*	c: Duplicar el diccionario actual.              	*
*	l: Cargar un nuevo diccionario desde un archivo.	*
*	u: Guardar el diccionario actual en un archivo. 	*
*	q: Finalizar                                    	*
*****************************************************************

Introduzca su elección: 	Por favor, ingrese la palabra a buscar en el diccionario: 	-> La definicion de 'river' es: 'el millonario'

-- borramos independiente
d
independiente
-- pedimos el tamaño
z
-- espero encontrar 6

Elija lo que quiera hacer. Las opciones son:

*****************************************************************
*	z: Mostrar el tamaño del diccionario en uso.    	*
*	s: Buscar una definicion para una palabra dada. 	*
*	a: Agregar una palabra con su definicion.       	*
*	d: Borrar una palabra.                          	*
*	e: Vaciar el diccionario.                       	*
*	h: Mostrar el diccionario actual.               	*
*	c: Duplicar el diccionario actual.              	*
*	l: Cargar un nuevo diccionario desde un archivo.	*
*	u: Guardar el diccionario actual en un archivo. 	*
*	q: Finalizar                                    	*
*****************************************************************

Introduzca su elección: 	Por favor, ingrese la palabra que desea eliminar del diccionario: 	-> La palabra fue eliminada exitosamente.


Elija lo que quiera hacer. Las opciones son:

*****************************************************************
*	z: Mostrar el tamaño del diccionario en uso.    	*
*	s: Buscar una definicion para una palabra dada. 	*
*	a: Agregar una palabra con su definicion.       	*
*	d: Borrar una palabra.                          	*
*	e: Vaciar el diccionario.                       	*
*	h: Mostrar el diccionario actual.               	*
*	c: Duplicar el diccionario actual.              	*
*	l: Cargar un nuevo diccionario desde un archivo.	*
*	u: Guardar el diccionario actual en un archivo. 	*
*	q: Finalizar                                    	*
*****************************************************************

Introduzca su elección: 	-> El tamaño es: 6.


Elija lo que quiera hacer. Las opciones son:

*****************************************************************
*	z: Mostrar el tamaño del diccionario en uso.    	*
*	s: Buscar una definicion para una palabra dada. 	*
*	a: Agregar una palabra con su definicion.       	-- buscamos independiente
s
independiente
*
*	d: Borrar una palabra.                          	*
*	e: Vaciar el diccionario.                       	*
*	h: Mostrar el diccionario actual.               	*
*	c: Duplicar el diccionario actual.              	*
*	l: Cargar un nuevo diccionario desde un archivo.	*
*	u: Guardar el diccionario actual en un archivo. 	*
*	q: Finalizar                                    	*
*****************************************************************

Introduzca su elección: 	Por favor, ingrese la palabra a buscar en el diccionario: 	->La palabra 'independiente' no existe en el diccionario


Elija lo que quiera hacer. Las opciones son:

*****************************************************************
*	z: Mostrar el tamaño del diccionario en uso.    	*
*	s: Buscar una definicion para una palabra dada. 	*
*	a: Agregar una palabra con su definicion.       	*
*	d: Borrar una palabra.                          	*
*	e: Vaciar el diccionario.                       	*
*	h: Mostrar el diccionario actual.               	*
*	c: Duplicar el diccionario actual.              	*
*	l: Cargar un nuevo diccionario desde un archivo.	*
*	u: Guardar el diccionario actual en un archivo. 	*
*	q: Finalizar                                    	*
*****************************************************************

Introduzca su elección: -- agregamos: rafaela
a
rafaela
la crema
-- pedimos el tamaño
z
-- espero encontrar 7
	Por favor, ingrese la palabra a añadir al diccionario: 	-> Por favor, ingrese la definicion: 	-> La palabra y su definición fueron agregadas


Elija lo que quiera hacer. Las opciones son:

*****************************************************************
*	z: Mostrar el tamaño del diccionario en uso.    	*
*	s: Buscar una definicion para una palabra dada. 	*
*	a: Agregar una palabra con su definicion.       	*
*	d: Borrar una palabra.                          	*
*	e: Vaciar el diccionario.                       	*
*	h: Mostrar el diccionario actual.               	*
*	c: Duplicar el diccionario actual.              	*
*	l: Cargar un nuevo diccionario desde un archivo.	*
*	u: Guardar el diccionario actual en un archivo. 	*
*	q: Finalizar                                    	*
*****************************************************************

Introduzca su elección: 	-> El tamaño es: 7.


Elija lo que quiera hacer. Las opciones son:

*****************************************************************
*	z: Mostrar el tamaño del diccionario en uso.    	*
*	s: Buscar una definicion para una palabra dada. 	*
*	a: Agregar una palabra con su definicion.       	*
*	d: Borrar una palabra.                          	*
*	e: Vaciar el diccionario.                       	*
*	h: Mostrar el diccionario actual.               	*
*	c: Duplicar el diccionario actual.              	*
*	l: Cargar un nuevo diccionario desde un archivo.	*
*	u: Guardar el diccionario actual en un archivo. 	*
*	q: Finalizar                                    	*
*****************************************************************

Introduzca su elección: -- borramos racing
d
racing
-- pedimos el tamaño
z
-- espero encontrar 6
	Por favor, ingrese la palabra que desea eliminar del diccionario: 	-> La palabra fue eliminada exitosamente.


Elija lo que quiera hacer. Las opciones son:

*****************************************************************
*	z: Mostrar el tamaño del diccionario en uso.    	*
*	s: Buscar una definicion para una palabra dada. 	*
*	a: Agregar una palabra con su definicion.       	*
*	d: Borrar una palabra.                          	*
*	e: Vaciar el diccionario.                       	*
*	h: Mostrar el diccionario actual.               	*
*	c: Duplicar el diccionario actual.              	*
*	l: Cargar un nuevo diccionario desde un archivo.	*
*	u: Guardar el diccionario actual en un archivo. 	*
*	q: Finalizar                                    	*
*****************************************************************

Introduzca su elección: 	-> El tamaño es: 6.


Elija lo que quiera hacer. Las opciones son:

*****************************************************************
*	z: Mostrar el tamaño del diccionario en uso.    	*
*	s: Buscar una definicion para una palabra dada. 	*
*	a: Agregar una palabra con su definicion.       	*
*	d: Borrar una palabra.                          	*
*	e: Vaciar el diccionario.                       	*
*	h: Mostrar el diccionario actual.               	*
*	c: Duplicar el diccionario actual.              	*
*	l: Cargar un nuevo diccionario desde un archivo.	*
*	u: Guardar el diccionario actual en un archivo. 	*
*	q: Finalizar                                    	*
*****************************************************************

Introduzca su elección: -- hacemos una copia
c
-- debería mostrarse el diccionario
-- vaciamos el diccionario
e
-- agregamos al diccionario recien vaciado: rafaela
a
rafaela
la crema
-- pedimos el tamaño
z
-- espero encontrar 1
	El diccionario fue duplicado. Mostrando el diccionario duplicado:

{
boca: el xeneize
lanus: el granate
rafaela: la crema
river: el millonario
san lorenzo: el ciclón
velez: el fortín
}

Elija lo que quiera hacer. Las opciones son:

*****************************************************************
*	z: Mostrar el tamaño del diccionario en uso.    	*
*	s: Buscar una definicion para una palabra dada. 	*
*	a: Agregar una palabra con su definicion.       	*
*	d: Borrar una palabra.                          	*
*	e: Vaciar el diccionario.                       	*
*	h: Mostrar el diccionario actual.               	*
*	c: Duplicar el diccionario actual.              	*
*	l: Cargar un nuevo diccionario desde un archivo.	*
*	u: Guardar el diccionario actual en un archivo. 	*
*	q: Finalizar                                    	*
*****************************************************************

Introduzca su elección: 	-> El diccionario fue vaciado.


Elija lo que quiera hacer. Las opciones son:

*****************************************************************
*	z: Mostrar el tamaño del diccionario en uso.    	*
*	s: Buscar una definicion para una palabra dada. 	*
*	a: Agregar una palabra con su definicion.       	*
*	d: Borrar una palabra.                          	*
*	e: Vaciar el diccionario.                       	*
*	h: Mostrar el diccionario actual.               	*
*	c: Duplicar el diccionario actual.              	*
*	l: Cargar un nuevo diccionario desde un archivo.	*
*	u: Guardar el diccionario actual en un archivo. 	*
*	q: Finalizar                                    	*
*****************************************************************

Introduzca su elección: 	Por favor, ingrese la palabra a añadir al diccionario: 	-> Por favor, ingrese la definicion: 	-> La palabra y su definición fueron agregadas


Elija lo que quiera hacer. Las opciones son:

*****************************************************************
*	z: Mostrar el tamaño del diccionario en uso.    	*
*	s: Buscar una definicion para una palabra dada. 	*
*	a: Agregar una palabra con su definicion.       	*
*	d: Borrar una palabra.                          	*
*	e: Vaciar el diccionario.                       	*
*	h: Mostrar el diccionario actual.               	*
*	c: Duplicar el diccionario actual.              	*
*	l: Cargar un nuevo diccionario desde un archivo.	*
*	u: Guardar el diccionario actual en un archivo. 	*
*	q: Finalizar                                    	*
*****************************************************************

Introduzca su elección: 	-> El tamaño es: 1.


Elija lo que quiera hacer. Las opciones son:

*****************************************************************
*	z: Mostrar el tamaño del diccionario en uso.    	*
*	s: Buscar una definicion para una palabra dada. 	*
*	a: Agregar una palabra con su definicion.       	*
*	d: Borrar una palabra.                          	*
*	e: Vaciar el diccionario.                       	*
*	h: Mostrar el diccionario actual.               	*
*	c: Duplicar el diccionario actual.              	*
*	l: Cargar un nuevo diccionario desde un archivo.	*
*	u: Guardar el diccionario actual en un archivo. 	*
*	q: Finalizar                                    	*
*****************************************************************

Introduzca su elección: -- pedimos mostrarlo
h
-- espero encontrar
-- {
-- rafaela: la crema
-- }
{
rafaela: la crema
}

Elija lo que quiera hacer. Las opciones son:

*****************************************************************
*	z: Mostrar el tamaño del diccionario en uso.    	*
*	s: Buscar una definicion para una palabra dada. 	*
*	a: Agregar una palabra con su definicion.       	*
*	d: Borrar una palabra.                          	*
*	e: Vaciar el diccionario.                       	*
*	h: Mostrar el diccionario actual.               	*
*	c: Duplicar el diccionario actual.              	*
*	l: Cargar un nuevo diccionario desde un archivo.	*
*	u: Guardar el diccionario actual en un archivo. 	*
*	q: Finalizar                                    	*
*****************************************************************

Introduzca su elección: -- salir chequeando leaks
q
	Finalizando...

==11178== 
==11178== HEAP SUMMARY:
==11178==     in use at exit: 0 bytes in 0 blocks
==11178==   total heap usage: 145 allocs, 145 frees, 6,056 bytes allocated
==11178== 
==11178== All heap blocks were freed -- no leaks are possible
==11178== 
==11178== For counts of detected and suppressed errors, rerun with: -v
==11178== ERROR SUMMARY: 0 errors from 0 contexts (suppressed: 2 from 2)

SUCCESS
-- Fixture completed, waiting for process normal exit.
-- Exit code: 0
-- esperamos el menu
-- mostramos el dict vacio
h
-- espero encontrar {} (con cualquier cantidad de espacios o lineas en blanco)
==11190== Memcheck, a memory error detector
==11190== Copyright (C) 2002-2011, and GNU GPL'd, by Julian Seward et al.
==11190== Using Valgrind-3.7.0 and LibVEX; rerun with -h for copyright info
==11190== Command: ./dictionary
==11190== 

Elija lo que quiera hacer. Las opciones son:

*****************************************************************
*	z: Mostrar el tamaño del diccionario en uso.    	*
*	s: Buscar una definicion para una palabra dada. 	*
*	a: Agregar una palabra con su definicion.       	*
*	d: Borrar una palabra.                          	*
*	e: Vaciar el diccionario.                       	*
*	h: Mostrar el diccionario actual.               	*
*	c: Duplicar el diccionario actual.              	*
*	l: Cargar un nuevo diccionario desde un archivo.	*
*	u: Guardar el diccionario actual en un archivo. 	*
*	q: Finalizar                                    	*
*****************************************************************

Introduzca su elección: {
}
-- pedimos el tamaño en un dict vacio
z
-- espero encontrar un cero

Elija lo que quiera hacer. Las opciones son:

*****************************************************************
*	z: Mostrar el tamaño del diccionario en uso.    	*
*	s: Buscar una definicion para una palabra dada. 	*
*	a: Agregar una palabra con su definicion.       	*
*	d: Borrar una palabra.                          	*
*	e: Vaciar el diccionario.                       	*
*	h: Mostrar el diccionario actual.               	*
*	c: Duplicar el diccionario actual.              	*
*	l: Cargar un nuevo diccionario desde un archivo.	*
*	u: Guardar el diccionario actual en un archivo. 	*
*	q: Finalizar                                    	*
*****************************************************************

Introduzca su elección: 	-> El tamaño es: 0.

-- buscamos en un dict vacio
s
foo

Elija lo que quiera hacer. Las opciones son:

*****************************************************************
*	z: Mostrar el tamaño del diccionario en uso.    	*
*	s: Buscar una definicion para una palabra dada. 	*
*	a: Agregar una palabra con su definicion.       	*
*	d: Borrar una palabra.                          	*
*	e: Vaciar el diccionario.                       	*
*	h: Mostrar el diccionario actual.               	*
*	c: Duplicar el diccionario actual.              	*
*	l: Cargar un nuevo diccionario desde un archivo.	*
*	u: Guardar el diccionario actual en un archivo. 	*
*	q: Finalizar                                    	*
*****************************************************************

Introduzca su elección: 	Por favor, ingrese la palabra a buscar en el diccionario: 	->La palabra 'foo' no existe en el diccionario

-- borramos en un dict vacio
d
foo

Elija lo que quiera hacer. Las opciones son:

*****************************************************************
*	z: Mostrar el tamaño del diccionario en uso.    	*
*	s: Buscar una definicion para una palabra dada. 	*
*	a: Agregar una palabra con su definicion.       	*
*	d: Borrar una palabra.                          	*
*	e: Vaciar el diccionario.                       	*
*	h: Mostrar el diccionario actual.               	*
*	c: Duplicar el diccionario actual.              	*
*	l: Cargar un nuevo diccionario desde un archivo.	*
*	u: Guardar el diccionario actual en un archivo. 	*
*	q: Finalizar                                    	*
*****************************************************************

Introduzca su elección: 	Por favor, ingrese la palabra que desea eliminar del diccionario: 	-> la palabra 'foo' no existe.

-- hacemos una copia
c
-- debería mostrarse otro diccionario vacio

Elija lo que quiera hacer. Las opciones son:

*****************************************************************
*	z: Mostrar el tamaño del diccionario en uso.    	*
*	s: Buscar una definicion para una palabra dada. 	*
*	a: Agregar una palabra con su definicion.       	*
*	d: Borrar una palabra.                          	*
*	e: Vaciar el diccionario.                       	*
*	h: Mostrar el diccionario actual.               	*
*	c: Duplicar el diccionario actual.              	*
*	l: Cargar un nuevo diccionario desde un archivo.	*
*	u: Guardar el diccionario actual en un archivo. 	*
*	q: Finalizar                                    	*
*****************************************************************

Introduzca su elección: 	El diccionario fue duplicado. Mostrando el diccionario duplicado:

{
}
-- salir chequeando leaks
q

Elija lo que quiera hacer. Las opciones son:

*****************************************************************
*	z: Mostrar el tamaño del diccionario en uso.    	*
*	s: Buscar una definicion para una palabra dada. 	*
*	a: Agregar una palabra con su definicion.       	*
*	d: Borrar una palabra.                          	*
*	e: Vaciar el diccionario.                       	*
*	h: Mostrar el diccionario actual.               	*
*	c: Duplicar el diccionario actual.              	*
*	l: Cargar un nuevo diccionario desde un archivo.	*
*	u: Guardar el diccionario actual en un archivo. 	*
*	q: Finalizar                                    	*
*****************************************************************

Introduzca su elección: 	Finalizando...

==11190== 
==11190== HEAP SUMMARY:
==11190==     in use at exit: 0 bytes in 0 blocks
==11190==   total heap usage: 6 allocs, 6 frees, 370 bytes allocated
==11190== 
==11190== All heap blocks were freed -- no leaks are possible
==11190== 
==11190== For counts of detected and suppressed errors, rerun with: -v
==11190== ERROR SUMMARY: 0 errors from 0 contexts (suppressed: 2 from 2)

SUCCESS
-- Fixture completed, waiting for process normal exit.
-- Exit code: 0
-- esperamos el menu
-- hacemos dump de dict vacio bajo el nombre empty.dic
u
-- espero encontrar el prompt de ingresar nombre de archivo
-- escribo el nombre de archivo
empty.dic
-- espero que me muestre un mensaje con "success" o "exitosamente"
==11199== Memcheck, a memory error detector
==11199== Copyright (C) 2002-2011, and GNU GPL'd, by Julian Seward et al.
==11199== Using Valgrind-3.7.0 and LibVEX; rerun with -h for copyright info
==11199== Command: ./dictionary
==11199== 

Elija lo que quiera hacer. Las opciones son:

*****************************************************************
*	z: Mostrar el tamaño del diccionario en uso.    	*
*	s: Buscar una definicion para una palabra dada. 	*
*	a: Agregar una palabra con su definicion.       	*
*	d: Borrar una palabra.                          	*
*	e: Vaciar el diccionario.                       	*
*	h: Mostrar el diccionario actual.               	*
*	c: Duplicar el diccionario actual.              	*
*	l: Cargar un nuevo diccionario desde un archivo.	*
*	u: Guardar el diccionario actual en un archivo. 	*
*	q: Finalizar                                    	*
*****************************************************************

Introduzca su elección: 	
¿Como quiere llamar el archivo a guardar?: Dumping dict to filename empty.dic.
	-> El diccionario fue guardado exitosamente.
-- agregamos: rojo
a
rojo
De color parecido al del oro
-- agregamos: azul
a
azul
Del color del cielo sin nubes
-- agregamos: amarillo
a
amarillo
De color semejante al del oro, la flor de la retama
-- mostramos el dict de colores primarios
h
-- esperamos encontrar
-- {
-- rojo: De color parecido al del oro
-- azul: Del color del cielo sin nubes
-- amarillo: De color semejante al del oro, la flor de la retama
-- }


Elija lo que quiera hacer. Las opciones son:

*****************************************************************
*	z: Mostrar el tamaño del diccionario en uso.    	*
*	s: Buscar una definicion para una palabra dada. 	*
*	a: Agregar una palabra con su definicion.       	*
*	d: Borrar una palabra.                          	*
*	e: Vaciar el diccionario.                       	*
*	h: Mostrar el diccionario actual.               	*
*	c: Duplicar el diccionario actual.              	*
*	l: Cargar un nuevo diccionario desde un archivo.	*
*	u: Guardar el diccionario actual en un archivo. 	*
*	q: Finalizar                                    	*
*****************************************************************

Introduzca su elección: 	Por favor, ingrese la palabra a añadir al diccionario: 	-> Por favor, ingrese la definicion: 	-> La palabra y su definición fueron agregadas


Elija lo que quiera hacer. Las opciones son:

*****************************************************************
*	z: Mostrar el tamaño del diccionario en uso.    	*
*	s: Buscar una definicion para una palabra dada. 	*
*	a: Agregar una palabra con su definicion.       	*
*	d: Borrar una palabra.                          	*
*	e: Vaciar el diccionario.                       	*
*	h: Mostrar el diccionario actual.               	*
*	c: Duplicar el diccionario actual.              	*
*	l: Cargar un nuevo diccionario desde un archivo.	*
*	u: Guardar el diccionario actual en un archivo. 	*
*	q: Finalizar                                    	*
*****************************************************************

Introduzca su elección: 	Por favor, ingrese la palabra a añadir al diccionario: 	-> Por favor, ingrese la definicion: 	-> La palabra y su definición fueron agregadas


Elija lo que quiera hacer. Las opciones son:

*****************************************************************
*	z: Mostrar el tamaño del diccionario en uso.    	*
*	s: Buscar una definicion para una palabra dada. 	*
*	a: Agregar una palabra con su definicion.       	*
*	d: Borrar una palabra.                          	*
*	e: Vaciar el diccionario.                       	*
*	h: Mostrar el diccionario actual.               	*
*	c: Duplicar el diccionario actual.              	*
*	l: Cargar un nuevo diccionario desde un archivo.	*
*	u: Guardar el diccionario actual en un archivo. 	*
*	q: Finalizar                                    	*
*****************************************************************

Introduzca su elección: 	Por favor, ingrese la palabra a añadir al diccionario: 	-> Por favor, ingrese la definicion: 	-> La palabra y su definición fueron agregadas


Elija lo que quiera hacer. Las opciones son:

*****************************************************************
*	z: Mostrar el tamaño del diccionario en uso.    	*
*	s: Buscar una definicion para una palabra dada. 	*
*	a: Agregar una palabra con su definicion.       	*
*	d: Borrar una palabra.                          	*
*	e: Vaciar el diccionario.                       	*
*	h: Mostrar el diccionario actual.               	*
*	c: Duplicar el diccionario actual.              	*
*	l: Cargar un nuevo diccionario desde un archivo.	*
*	u: Guardar el diccionario actual en un archivo. 	*
*	q: Finalizar                                    	*
*****************************************************************

Introduzca su elección: {
amarillo: De color semejante al del oro, la flor de la retama
azul: Del color del cielo sin nubes
rojo: De color parecido al del oro
}

Elija lo que quiera hacer. Las opciones son:

*****************************************************************
*	z: Mostrar el tamaño del diccionario en uso.    	*
*	s: Buscar una definicion para una palabra dada. 	*
*	a: Agregar una palabra con su definicion.       	*
*	d: Borrar una palabra.                          	*
*	e: Vaciar el diccionario.                       	*
*	h: Mostrar el diccionario actual.               	*
*	c: Duplicar el diccionario actual.              	*
*	l: Cargar un nuevo diccionario desde un archivo.	*
*	u: Guardar el diccionario actual en un archivo. 	*
*	q: Finalizar                                    	*
*****************************************************************

Introduzca su elección: 
FAILURE: Failed: '> {\s*rojo: De color parecido al del oro\s*azul: Del color del cielo sin nubes\s*amarillo: De color semejante al del oro, la flor de la retama\s*}' (l.39)
